<?xml version="1.0" encoding="UTF-8"?>
<testsuite name="DiceTest" tests="2" skipped="0" failures="0" errors="0" timestamp="2023-01-28T18:26:41" hostname="LK8545s-Air" time="0.007">
  <properties/>
  <testcase name="testGetDices()" classname="DiceTest" time="0.0"/>
  <testcase name="testSetValue()" classname="DiceTest" time="0.006"/>
  <system-out><![CDATA[]]></system-out>
  <system-err><![CDATA[]]></system-err>
</testsuite>
