<?xml version="1.0" encoding="UTF-8"?>
<testsuite name="DiceHandTest" tests="3" skipped="0" failures="0" errors="0" timestamp="2023-01-28T18:26:41" hostname="LK8545s-Air" time="0.01">
  <properties/>
  <testcase name="testToString()" classname="DiceHandTest" time="0.001"/>
  <testcase name="testDiceHandConstructor()" classname="DiceHandTest" time="0.001"/>
  <testcase name="testRollAll()" classname="DiceHandTest" time="0.002"/>
  <system-out><![CDATA[]]></system-out>
  <system-err><![CDATA[]]></system-err>
</testsuite>
