<?xml version="1.0" encoding="UTF-8"?>
<testsuite name="ComputerPlayerTest" tests="3" skipped="0" failures="0" errors="0" timestamp="2023-01-28T18:26:41" hostname="LK8545s-Air" time="0.056">
  <properties/>
  <testcase name="testGetScore()" classname="ComputerPlayerTest" time="0.045"/>
  <testcase name="testSelectDices()" classname="ComputerPlayerTest" time="0.004"/>
  <testcase name="testRollDices()" classname="ComputerPlayerTest" time="0.003"/>
  <system-out><![CDATA[]]></system-out>
  <system-err><![CDATA[]]></system-err>
</testsuite>
