<?xml version="1.0" encoding="UTF-8"?>
<testsuite name="MonkeyPlayerTest" tests="1" skipped="0" failures="0" errors="0" timestamp="2023-01-28T18:26:41" hostname="LK8545s-Air" time="0.005">
  <properties/>
  <testcase name="testGetScore()" classname="MonkeyPlayerTest" time="0.005"/>
  <system-out><![CDATA[]]></system-out>
  <system-err><![CDATA[]]></system-err>
</testsuite>
