<?xml version="1.0" encoding="UTF-8"?>
<testsuite name="DicePlayerTest" tests="2" skipped="0" failures="0" errors="0" timestamp="2023-01-28T21:16:23" hostname="LK8545s-Air" time="0.101">
  <properties/>
  <testcase name="testCalculateResult()" classname="DicePlayerTest" time="0.093"/>
  <testcase name="testRollDices()" classname="DicePlayerTest" time="0.002"/>
  <system-out><![CDATA[You have 2 dices with the value 3
The sum of your dices is 17
Sorry, you did not get a good result this round.
]]></system-out>
  <system-err><![CDATA[]]></system-err>
</testsuite>
