<?xml version="1.0" encoding="UTF-8"?>
<testsuite name="DiceTest" tests="2" skipped="0" failures="0" errors="0" timestamp="2023-01-28T21:16:24" hostname="LK8545s-Air" time="0.064">
  <properties/>
  <testcase name="testGetDices()" classname="DiceTest" time="0.007"/>
  <testcase name="testSetValue()" classname="DiceTest" time="0.009"/>
  <system-out><![CDATA[]]></system-out>
  <system-err><![CDATA[]]></system-err>
</testsuite>
